<?xml version="1.0" encoding="UTF-8"?>
<testsuite xmlns:xsi="http://www.w3.org/2001/XMLSchema-instance" xsi:noNamespaceSchemaLocation="https://maven.apache.org/surefire/maven-surefire-plugin/xsd/surefire-test-report-3.0.xsd" version="3.0" name="com.mycompany.calculadora.CalculadoraTest" time="0.062" tests="6" errors="0" skipped="0" failures="0">
  <properties>
[...]
</properties>
  <testcase name="testSumar" classname="com.mycompany.calculadora.CalculadoraTest" time="0.003"/>
  <testcase name="testMultiplicar" classname="com.mycompany.calculadora.CalculadoraTest" time="0.0"/>
  <testcase name="testDividirPorCero" classname="com.mycompany.calculadora.CalculadoraTest" time="0.0"/>
  <testcase name="testPromedioEHistorial" classname="com.mycompany.calculadora.CalculadoraTest" time="0.0"/>
  <testcase name="testDividir" classname="com.mycompany.calculadora.CalculadoraTest" time="0.0"/>
  <testcase name="testRestar" classname="com.mycompany.calculadora.CalculadoraTest" time="0.0"/>
</testsuite>